#
# There is insufficient memory for the Java Runtime Environment to continue.
# Native memory allocation (malloc) failed to allocate 1048576 bytes for AllocateHeap
# Possible reasons:
#   The system is out of physical RAM or swap space
#   The process is running with CompressedOops enabled, and the Java Heap may be blocking the growth of the native heap
# Possible solutions:
#   Reduce memory load on the system
#   Increase physical memory or swap space
#   Check if swap backing store is full
#   Decrease Java heap size (-Xmx/-Xms)
#   Decrease number of Java threads
#   Decrease Java thread stack sizes (-Xss)
#   Set larger code cache with -XX:ReservedCodeCacheSize=
#   JVM is running with Unscaled Compressed Oops mode in which the Java heap is
#     placed in the first 4GB address space. The Java Heap base address is the
#     maximum limit for the native heap growth. Please use -XX:HeapBaseMinAddress
#     to set the Java Heap base and to place the Java Heap above 4GB virtual address.
# This output file may be truncated or incomplete.
#
#  Out of Memory Error (./src/hotspot/share/memory/allocation.cpp:46), pid=15612, tid=12764
#
# JRE version: OpenJDK Runtime Environment AdoptOpenJDK (11.0.10+9) (build 11.0.10+9)
# Java VM: OpenJDK 64-Bit Server VM AdoptOpenJDK (11.0.10+9, mixed mode, tiered, compressed oops, g1 gc, windows-amd64)
# No core dump will be written. Minidumps are not enabled by default on client versions of Windows
#

---------------  S U M M A R Y ------------

Command Line: com.st.microxplorer.maingui.STM32CubeMX C:\Users\ADG\Documents\ADG_CUBE_MX_PROJECTS\ADG_QTR-8RC\ADG_QTR-8RC.ioc

Host: Intel(R) Core(TM) i7-4510U CPU @ 2.00GHz, 4 cores, 7G,  Windows 10 , 64 bit Build 19041 (10.0.19041.1348)
Time: Sun Jan  9 23:28:06 2022 Türkiye Standart Saati elapsed time: 1.655367 seconds (0d 0h 0m 1s)

---------------  T H R E A D  ---------------

Current thread (0x0000020ef4760800):  VMThread "VM Thread" [stack: 0x000000e027600000,0x000000e027700000] [id=12764]

Stack: [0x000000e027600000,0x000000e027700000]
[error occurred during error reporting (printing stack bounds), id 0xc0000005, EXCEPTION_ACCESS_VIOLATION (0xc0000005) at pc=0x0000020eddfc0f2d]

Native frames: (J=compiled Java code, j=interpreted, Vv=VM code, C=native code)
V  [jvm.dll+0x5f35ea]
V  [jvm.dll+0x77c65e]
V  [jvm.dll+0x77dd2f]
V  [jvm.dll+0x77e355]
V  [jvm.dll+0x77e30b]
V  [jvm.dll+0x5f2ad3]
V  [jvm.dll+0x5f31e8]
C  [ntdll.dll+0xa20cf]
C  [ntdll.dll+0x51454]
C  [ntdll.dll+0xa0bfe]
C  0x0000020eddfc0f2d

VM_Operation (0x000000e0270fb470): CollectForMetadataAllocation, mode: safepoint, requested by thread 0x0000020ed3977000


---------------  P R O C E S S  ---------------

Threads class SMR info:
_java_thread_list=0x0000020ef5b2c460, length=15, elements={
0x0000020ed3977000, 0x0000020ef47a7800, 0x0000020ef478e000, 0x0000020ef47b1800,
0x0000020ef47b2000, 0x0000020ef47b3000, 0x0000020ef47c0000, 0x0000020ef5108000,
0x0000020ef510b800, 0x0000020ef510e000, 0x0000020ef510f000, 0x0000020ef5109000,
0x0000020ef510f800, 0x0000020ef510a000, 0x0000020ef510a800
}

Java Threads: ( => current thread )
  0x0000020ed3977000 JavaThread "main" [_thread_blocked, id=10328, stack(0x000000e027000000,0x000000e027100000)]
  0x0000020ef47a7800 JavaThread "Reference Handler" daemon [_thread_blocked, id=13928, stack(0x000000e027700000,0x000000e027800000)]
  0x0000020ef478e000 JavaThread "Finalizer" daemon [_thread_blocked, id=7704, stack(0x000000e027800000,0x000000e027900000)]
  0x0000020ef47b1800 JavaThread "Signal Dispatcher" daemon [_thread_blocked, id=9296, stack(0x000000e027a00000,0x000000e027b00000)]
  0x0000020ef47b2000 JavaThread "Attach Listener" daemon [_thread_blocked, id=17276, stack(0x000000e027b00000,0x000000e027c00000)]
  0x0000020ef47b3000 JavaThread "Service Thread" daemon [_thread_blocked, id=5220, stack(0x000000e027c00000,0x000000e027d00000)]
  0x0000020ef47c0000 JavaThread "C2 CompilerThread0" daemon [_thread_blocked, id=7652, stack(0x000000e027d00000,0x000000e027e00000)]
  0x0000020ef5108000 JavaThread "C1 CompilerThread0" daemon [_thread_blocked, id=10220, stack(0x000000e027e00000,0x000000e027f00000)]
  0x0000020ef510b800 JavaThread "Sweeper thread" daemon [_thread_blocked, id=4704, stack(0x000000e027f00000,0x000000e028000000)]
  0x0000020ef510e000 JavaThread "Common-Cleaner" daemon [_thread_blocked, id=13036, stack(0x000000e028100000,0x000000e028200000)]
  0x0000020ef510f000 JavaThread "Java2D Disposer" daemon [_thread_blocked, id=12404, stack(0x000000e028200000,0x000000e028300000)]
  0x0000020ef5109000 JavaThread "AWT-Shutdown" [_thread_blocked, id=4212, stack(0x000000e028300000,0x000000e028400000)]
  0x0000020ef510f800 JavaThread "AWT-Windows" daemon [_thread_in_native, id=10504, stack(0x000000e028400000,0x000000e028500000)]
  0x0000020ef510a000 JavaThread "AWT-EventQueue-0" [_thread_blocked, id=7464, stack(0x000000e028600000,0x000000e028700000)]
  0x0000020ef510a800 JavaThread "SplashThread" [_thread_blocked, id=6904, stack(0x000000e028a00000,0x000000e028b00000)]

Other Threads:
=>0x0000020ef4760800 VMThread "VM Thread" [stack: 0x000000e027600000,0x000000e027700000] [id=12764]
  0x0000020ef5292800 WatcherThread [stack: 0x000000e028000000,0x000000e028100000] [id=13540]
  0x0000020ed398f800 GCTaskThread "GC Thread#0" [stack: 0x000000e027100000,0x000000e027200000] [id=9088]
  0x0000020ef5bee800 GCTaskThread "GC Thread#1" [stack: 0x000000e028b00000,0x000000e028c00000] [id=13784]
  0x0000020ef70d3000 GCTaskThread "GC Thread#2" [stack: 0x000000e028c00000,0x000000e028d00000] [id=6628]
  0x0000020ef70d4000 GCTaskThread "GC Thread#3" [stack: 0x000000e028d00000,0x000000e028e00000] [id=4492]
  0x0000020ed39c5000 ConcurrentGCThread "G1 Main Marker" [stack: 0x000000e027200000,0x000000e027300000] [id=2236]
  0x0000020ed39c7800 ConcurrentGCThread "G1 Conc#0" [stack: 0x000000e027300000,0x000000e027400000] [id=16604]
  0x0000020ed3a59800 ConcurrentGCThread "G1 Refine#0" [stack: 0x000000e027400000,0x000000e027500000] [id=11480]
  0x0000020ef594c800 ConcurrentGCThread "G1 Refine#1" [stack: 0x000000e028e00000,0x000000e028f00000] [id=5380]
  0x0000020ef719b000 ConcurrentGCThread "G1 Refine#2" [stack: 0x000000e028f00000,0x000000e029000000] [id=13556]
  0x0000020ed3a5c000 ConcurrentGCThread "G1 Young RemSet Sampling" [stack: 0x000000e027500000,0x000000e027600000] [id=2028]

Threads with active compile tasks:

VM state:at safepoint (normal execution)

VM Mutex/Monitor currently owned by a thread:  ([mutex/lock_event])
[0x0000020ed3974b20] Threads_lock - owner thread: 0x0000020ef4760800
[0x0000020ed3974d60] Heap_lock - owner thread: 0x0000020ed3977000

Heap address: 0x0000000081a00000, size: 2022 MB, Compressed Oops mode: 32-bit
Narrow klass base: 0x0000000000000000, Narrow klass shift: 3
Compressed class space size: 1073741824 Address: 0x0000000100000000

Heap:
 garbage-first heap   total 131072K, used 10430K [0x0000000081a00000, 0x0000000100000000)
  region size 1024K, 1 young (1024K), 1 survivors (1024K)
 Metaspace       used 17631K, capacity 18092K, committed 18176K, reserved 1085440K
  class space    used 1798K, capacity 1999K, committed 2048K, reserved 1048576K
Heap Regions: E=young(eden), S=young(survivor), O=old, HS=humongous(starts), HC=humongous(continues), CS=collection set, F=free, A=archive, TAMS=top-at-mark-start (previous, next)
|   0|0x0000000081a00000, 0x0000000081b00000, 0x0000000081b00000|100%|HS|  |TAMS 0x0000000081a00000, 0x0000000081b00000| Complete 
|   1|0x0000000081b00000, 0x0000000081c00000, 0x0000000081c00000|100%|HC|  |TAMS 0x0000000081b00000, 0x0000000081c00000| Complete 
|   2|0x0000000081c00000, 0x0000000081d00000, 0x0000000081d00000|100%|HC|  |TAMS 0x0000000081c00000, 0x0000000081d00000| Complete 
|   3|0x0000000081d00000, 0x0000000081e00000, 0x0000000081e00000|100%|HS|  |TAMS 0x0000000081d00000, 0x0000000081e00000| Complete 
|   4|0x0000000081e00000, 0x0000000081f00000, 0x0000000081f00000|100%|HS|  |TAMS 0x0000000081e00000, 0x0000000081f00000| Complete 
|   5|0x0000000081f00000, 0x0000000082000000, 0x0000000082000000|100%|HC|  |TAMS 0x0000000081f00000, 0x0000000082000000| Complete 
|   6|0x0000000082000000, 0x0000000082100000, 0x0000000082100000|100%| O|  |TAMS 0x0000000082000000, 0x0000000082100000| Untracked 
|   7|0x0000000082100000, 0x0000000082200000, 0x0000000082200000|100%| O|  |TAMS 0x0000000082100000, 0x0000000082200000| Untracked 
|   8|0x0000000082200000, 0x0000000082300000, 0x0000000082300000|100%| O|  |TAMS 0x0000000082200000, 0x0000000082300000| Untracked 
|   9|0x0000000082300000, 0x00000000823cbc00, 0x0000000082400000| 79%| O|  |TAMS 0x0000000082300000, 0x00000000823cbc00| Untracked 
|  10|0x0000000082400000, 0x0000000082400000, 0x0000000082500000|  0%| F|  |TAMS 0x0000000082400000, 0x0000000082400000| Untracked 
|  11|0x0000000082500000, 0x0000000082500000, 0x0000000082600000|  0%| F|  |TAMS 0x0000000082500000, 0x0000000082500000| Untracked 
|  12|0x0000000082600000, 0x0000000082600000, 0x0000000082700000|  0%| F|  |TAMS 0x0000000082600000, 0x0000000082600000| Untracked 
|  13|0x0000000082700000, 0x0000000082700000, 0x0000000082800000|  0%| F|  |TAMS 0x0000000082700000, 0x0000000082700000| Untracked 
|  14|0x0000000082800000, 0x0000000082800000, 0x0000000082900000|  0%| F|  |TAMS 0x0000000082800000, 0x0000000082800000| Untracked 
|  15|0x0000000082900000, 0x0000000082900000, 0x0000000082a00000|  0%| F|  |TAMS 0x0000000082900000, 0x0000000082900000| Untracked 
|  16|0x0000000082a00000, 0x0000000082a00000, 0x0000000082b00000|  0%| F|  |TAMS 0x0000000082a00000, 0x0000000082a00000| Untracked 
|  17|0x0000000082b00000, 0x0000000082b00000, 0x0000000082c00000|  0%| F|  |TAMS 0x0000000082b00000, 0x0000000082b00000| Untracked 
|  18|0x0000000082c00000, 0x0000000082c00000, 0x0000000082d00000|  0%| F|  |TAMS 0x0000000082c00000, 0x0000000082c00000| Untracked 
|  19|0x0000000082d00000, 0x0000000082d00000, 0x0000000082e00000|  0%| F|  |TAMS 0x0000000082d00000, 0x0000000082d00000| Untracked 
|  20|0x0000000082e00000, 0x0000000082e00000, 0x0000000082f00000|  0%| F|  |TAMS 0x0000000082e00000, 0x0000000082e00000| Untracked 
|  21|0x0000000082f00000, 0x0000000082f00000, 0x0000000083000000|  0%| F|  |TAMS 0x0000000082f00000, 0x0000000082f00000| Untracked 
|  22|0x0000000083000000, 0x0000000083000000, 0x0000000083100000|  0%| F|  |TAMS 0x0000000083000000, 0x0000000083000000| Untracked 
|  23|0x0000000083100000, 0x0000000083100000, 0x0000000083200000|  0%| F|  |TAMS 0x0000000083100000, 0x0000000083100000| Untracked 
|  24|0x0000000083200000, 0x0000000083200000, 0x0000000083300000|  0%| F|  |TAMS 0x0000000083200000, 0x0000000083200000| Untracked 
|  25|0x0000000083300000, 0x0000000083300000, 0x0000000083400000|  0%| F|  |TAMS 0x0000000083300000, 0x0000000083300000| Untracked 
|  26|0x0000000083400000, 0x0000000083400000, 0x0000000083500000|  0%| F|  |TAMS 0x0000000083400000, 0x0000000083400000| Untracked 
|  27|0x0000000083500000, 0x0000000083500000, 0x0000000083600000|  0%| F|  |TAMS 0x0000000083500000, 0x0000000083500000| Untracked 
|  28|0x0000000083600000, 0x0000000083600000, 0x0000000083700000|  0%| F|  |TAMS 0x0000000083600000, 0x0000000083600000| Untracked 
|  29|0x0000000083700000, 0x0000000083700000, 0x0000000083800000|  0%| F|  |TAMS 0x0000000083700000, 0x0000000083700000| Untracked 
|  30|0x0000000083800000, 0x0000000083800000, 0x0000000083900000|  0%| F|  |TAMS 0x0000000083800000, 0x0000000083800000| Untracked 
|  31|0x0000000083900000, 0x0000000083900000, 0x0000000083a00000|  0%| F|  |TAMS 0x0000000083900000, 0x0000000083900000| Untracked 
|  32|0x0000000083a00000, 0x0000000083a00000, 0x0000000083b00000|  0%| F|  |TAMS 0x0000000083a00000, 0x0000000083a00000| Untracked 
|  33|0x0000000083b00000, 0x0000000083b00000, 0x0000000083c00000|  0%| F|  |TAMS 0x0000000083b00000, 0x0000000083b00000| Untracked 
|  34|0x0000000083c00000, 0x0000000083c00000, 0x0000000083d00000|  0%| F|  |TAMS 0x0000000083c00000, 0x0000000083c00000| Untracked 
|  35|0x0000000083d00000, 0x0000000083d00000, 0x0000000083e00000|  0%| F|  |TAMS 0x0000000083d00000, 0x0000000083d00000| Untracked 
|  36|0x0000000083e00000, 0x0000000083e00000, 0x0000000083f00000|  0%| F|  |TAMS 0x0000000083e00000, 0x0000000083e00000| Untracked 
|  37|0x0000000083f00000, 0x0000000083f00000, 0x0000000084000000|  0%| F|  |TAMS 0x0000000083f00000, 0x0000000083f00000| Untracked 
|  38|0x0000000084000000, 0x0000000084000000, 0x0000000084100000|  0%| F|  |TAMS 0x0000000084000000, 0x0000000084000000| Untracked 
|  39|0x0000000084100000, 0x0000000084100000, 0x0000000084200000|  0%| F|  |TAMS 0x0000000084100000, 0x0000000084100000| Untracked 
|  40|0x0000000084200000, 0x0000000084200000, 0x0000000084300000|  0%| F|  |TAMS 0x0000000084200000, 0x0000000084200000| Untracked 
|  41|0x0000000084300000, 0x0000000084300000, 0x0000000084400000|  0%| F|  |TAMS 0x0000000084300000, 0x0000000084300000| Untracked 
|  42|0x0000000084400000, 0x0000000084400000, 0x0000000084500000|  0%| F|  |TAMS 0x0000000084400000, 0x0000000084400000| Untracked 
|  43|0x0000000084500000, 0x0000000084500000, 0x0000000084600000|  0%| F|  |TAMS 0x0000000084500000, 0x0000000084500000| Untracked 
|  44|0x0000000084600000, 0x0000000084600000, 0x0000000084700000|  0%| F|  |TAMS 0x0000000084600000, 0x0000000084600000| Untracked 
|  45|0x0000000084700000, 0x0000000084700000, 0x0000000084800000|  0%| F|  |TAMS 0x0000000084700000, 0x0000000084700000| Untracked 
|  46|0x0000000084800000, 0x0000000084800000, 0x0000000084900000|  0%| F|  |TAMS 0x0000000084800000, 0x0000000084800000| Untracked 
|  47|0x0000000084900000, 0x0000000084900000, 0x0000000084a00000|  0%| F|  |TAMS 0x0000000084900000, 0x0000000084900000| Untracked 
|  48|0x0000000084a00000, 0x0000000084a00000, 0x0000000084b00000|  0%| F|  |TAMS 0x0000000084a00000, 0x0000000084a00000| Untracked 
|  49|0x0000000084b00000, 0x0000000084b00000, 0x0000000084c00000|  0%| F|  |TAMS 0x0000000084b00000, 0x0000000084b00000| Untracked 
|  50|0x0000000084c00000, 0x0000000084c00000, 0x0000000084d00000|  0%| F|  |TAMS 0x0000000084c00000, 0x0000000084c00000| Untracked 
|  51|0x0000000084d00000, 0x0000000084d00000, 0x0000000084e00000|  0%| F|  |TAMS 0x0000000084d00000, 0x0000000084d00000| Untracked 
|  52|0x0000000084e00000, 0x0000000084e00000, 0x0000000084f00000|  0%| F|  |TAMS 0x0000000084e00000, 0x0000000084e00000| Untracked 
|  53|0x0000000084f00000, 0x0000000084f00000, 0x0000000085000000|  0%| F|  |TAMS 0x0000000084f00000, 0x0000000084f00000| Untracked 
|  54|0x0000000085000000, 0x0000000085000000, 0x0000000085100000|  0%| F|  |TAMS 0x0000000085000000, 0x0000000085000000| Untracked 
|  55|0x0000000085100000, 0x0000000085100000, 0x0000000085200000|  0%| F|  |TAMS 0x0000000085100000, 0x0000000085100000| Untracked 
|  56|0x0000000085200000, 0x0000000085200000, 0x0000000085300000|  0%| F|  |TAMS 0x0000000085200000, 0x0000000085200000| Untracked 
|  57|0x0000000085300000, 0x0000000085300000, 0x0000000085400000|  0%| F|  |TAMS 0x0000000085300000, 0x0000000085300000| Untracked 
|  58|0x0000000085400000, 0x0000000085400000, 0x0000000085500000|  0%| F|  |TAMS 0x0000000085400000, 0x0000000085400000| Untracked 
|  59|0x0000000085500000, 0x0000000085500000, 0x0000000085600000|  0%| F|  |TAMS 0x0000000085500000, 0x0000000085500000| Untracked 
|  60|0x0000000085600000, 0x0000000085600000, 0x0000000085700000|  0%| F|  |TAMS 0x0000000085600000, 0x0000000085600000| Untracked 
|  61|0x0000000085700000, 0x0000000085700000, 0x0000000085800000|  0%| F|  |TAMS 0x0000000085700000, 0x0000000085700000| Untracked 
|  62|0x0000000085800000, 0x0000000085800000, 0x0000000085900000|  0%| F|  |TAMS 0x0000000085800000, 0x0000000085800000| Untracked 
|  63|0x0000000085900000, 0x0000000085900000, 0x0000000085a00000|  0%| F|  |TAMS 0x0000000085900000, 0x0000000085900000| Untracked 
|  64|0x0000000085a00000, 0x0000000085a00000, 0x0000000085b00000|  0%| F|  |TAMS 0x0000000085a00000, 0x0000000085a00000| Untracked 
|  65|0x0000000085b00000, 0x0000000085b00000, 0x0000000085c00000|  0%| F|  |TAMS 0x0000000085b00000, 0x0000000085b00000| Untracked 
|  66|0x0000000085c00000, 0x0000000085c00000, 0x0000000085d00000|  0%| F|  |TAMS 0x0000000085c00000, 0x0000000085c00000| Untracked 
|  67|0x0000000085d00000, 0x0000000085d00000, 0x0000000085e00000|  0%| F|  |TAMS 0x0000000085d00000, 0x0000000085d00000| Untracked 
|  68|0x0000000085e00000, 0x0000000085e00000, 0x0000000085f00000|  0%| F|  |TAMS 0x0000000085e00000, 0x0000000085e00000| Untracked 
|  69|0x0000000085f00000, 0x0000000085f00000, 0x0000000086000000|  0%| F|  |TAMS 0x0000000085f00000, 0x0000000085f00000| Untracked 
|  70|0x0000000086000000, 0x0000000086000000, 0x0000000086100000|  0%| F|  |TAMS 0x0000000086000000, 0x0000000086000000| Untracked 
|  71|0x0000000086100000, 0x0000000086100000, 0x0000000086200000|  0%| F|  |TAMS 0x0000000086100000, 0x0000000086100000| Untracked 
|  72|0x0000000086200000, 0x0000000086200000, 0x0000000086300000|  0%| F|  |TAMS 0x0000000086200000, 0x0000000086200000| Untracked 
|  73|0x0000000086300000, 0x0000000086300000, 0x0000000086400000|  0%| F|  |TAMS 0x0000000086300000, 0x0000000086300000| Untracked 
|  74|0x0000000086400000, 0x0000000086400000, 0x0000000086500000|  0%| F|  |TAMS 0x0000000086400000, 0x0000000086400000| Untracked 
|  75|0x0000000086500000, 0x0000000086500000, 0x0000000086600000|  0%| F|  |TAMS 0x0000000086500000, 0x0000000086500000| Untracked 
|  76|0x0000000086600000, 0x0000000086600000, 0x0000000086700000|  0%| F|  |TAMS 0x0000000086600000, 0x0000000086600000| Untracked 
|  77|0x0000000086700000, 0x0000000086700000, 0x0000000086800000|  0%| F|  |TAMS 0x0000000086700000, 0x0000000086700000| Untracked 
|  78|0x0000000086800000, 0x0000000086800000, 0x0000000086900000|  0%| F|  |TAMS 0x0000000086800000, 0x0000000086800000| Untracked 
|  79|0x0000000086900000, 0x0000000086900000, 0x0000000086a00000|  0%| F|  |TAMS 0x0000000086900000, 0x0000000086900000| Untracked 
|  80|0x0000000086a00000, 0x0000000086a00000, 0x0000000086b00000|  0%| F|  |TAMS 0x0000000086a00000, 0x0000000086a00000| Untracked 
|  81|0x0000000086b00000, 0x0000000086b00000, 0x0000000086c00000|  0%| F|  |TAMS 0x0000000086b00000, 0x0000000086b00000| Untracked 
|  82|0x0000000086c00000, 0x0000000086c00000, 0x0000000086d00000|  0%| F|  |TAMS 0x0000000086c00000, 0x0000000086c00000| Untracked 
|  83|0x0000000086d00000, 0x0000000086d00000, 0x0000000086e00000|  0%| F|  |TAMS 0x0000000086d00000, 0x0000000086d00000| Untracked 
|  84|0x0000000086e00000, 0x0000000086e00000, 0x0000000086f00000|  0%| F|  |TAMS 0x0000000086e00000, 0x0000000086e00000| Untracked 
|  85|0x0000000086f00000, 0x0000000086f00000, 0x0000000087000000|  0%| F|  |TAMS 0x0000000086f00000, 0x0000000086f00000| Untracked 
|  86|0x0000000087000000, 0x0000000087000000, 0x0000000087100000|  0%| F|  |TAMS 0x0000000087000000, 0x0000000087000000| Untracked 
|  87|0x0000000087100000, 0x0000000087100000, 0x0000000087200000|  0%| F|  |TAMS 0x0000000087100000, 0x0000000087100000| Untracked 
|  88|0x0000000087200000, 0x0000000087200000, 0x0000000087300000|  0%| F|  |TAMS 0x0000000087200000, 0x0000000087200000| Untracked 
|  89|0x0000000087300000, 0x0000000087300000, 0x0000000087400000|  0%| F|  |TAMS 0x0000000087300000, 0x0000000087300000| Untracked 
|  90|0x0000000087400000, 0x0000000087400000, 0x0000000087500000|  0%| F|  |TAMS 0x0000000087400000, 0x0000000087400000| Untracked 
|  91|0x0000000087500000, 0x0000000087500000, 0x0000000087600000|  0%| F|  |TAMS 0x0000000087500000, 0x0000000087500000| Untracked 
|  92|0x0000000087600000, 0x0000000087600000, 0x0000000087700000|  0%| F|  |TAMS 0x0000000087600000, 0x0000000087600000| Untracked 
|  93|0x0000000087700000, 0x0000000087700000, 0x0000000087800000|  0%| F|  |TAMS 0x0000000087700000, 0x0000000087700000| Untracked 
|  94|0x0000000087800000, 0x0000000087800000, 0x0000000087900000|  0%| F|  |TAMS 0x0000000087800000, 0x0000000087800000| Untracked 
|  95|0x0000000087900000, 0x0000000087900000, 0x0000000087a00000|  0%| F|  |TAMS 0x0000000087900000, 0x0000000087900000| Untracked 
|  96|0x0000000087a00000, 0x0000000087a00000, 0x0000000087b00000|  0%| F|  |TAMS 0x0000000087a00000, 0x0000000087a00000| Untracked 
|  97|0x0000000087b00000, 0x0000000087b00000, 0x0000000087c00000|  0%| F|  |TAMS 0x0000000087b00000, 0x0000000087b00000| Untracked 
|  98|0x0000000087c00000, 0x0000000087c00000, 0x0000000087d00000|  0%| F|  |TAMS 0x0000000087c00000, 0x0000000087c00000| Untracked 
|  99|0x0000000087d00000, 0x0000000087d00000, 0x0000000087e00000|  0%| F|  |TAMS 0x0000000087d00000, 0x0000000087d00000| Untracked 
| 100|0x0000000087e00000, 0x0000000087e00000, 0x0000000087f00000|  0%| F|  |TAMS 0x0000000087e00000, 0x0000000087e00000| Untracked 
| 101|0x0000000087f00000, 0x0000000087f00000, 0x0000000088000000|  0%| F|  |TAMS 0x0000000087f00000, 0x0000000087f00000| Untracked 
| 102|0x0000000088000000, 0x0000000088000000, 0x0000000088100000|  0%| F|  |TAMS 0x0000000088000000, 0x0000000088000000| Untracked 
| 103|0x0000000088100000, 0x0000000088100000, 0x0000000088200000|  0%| F|  |TAMS 0x0000000088100000, 0x0000000088100000| Untracked 
| 104|0x0000000088200000, 0x0000000088200000, 0x0000000088300000|  0%| F|  |TAMS 0x0000000088200000, 0x0000000088200000| Untracked 
| 105|0x0000000088300000, 0x0000000088300000, 0x0000000088400000|  0%| F|  |TAMS 0x0000000088300000, 0x0000000088300000| Untracked 
| 106|0x0000000088400000, 0x0000000088400000, 0x0000000088500000|  0%| F|  |TAMS 0x0000000088400000, 0x0000000088400000| Untracked 
| 107|0x0000000088500000, 0x0000000088500000, 0x0000000088600000|  0%| F|  |TAMS 0x0000000088500000, 0x0000000088500000| Untracked 
| 108|0x0000000088600000, 0x0000000088600000, 0x0000000088700000|  0%| F|  |TAMS 0x0000000088600000, 0x0000000088600000| Untracked 
| 109|0x0000000088700000, 0x0000000088700000, 0x0000000088800000|  0%| F|  |TAMS 0x0000000088700000, 0x0000000088700000| Untracked 
| 110|0x0000000088800000, 0x0000000088800000, 0x0000000088900000|  0%| F|  |TAMS 0x0000000088800000, 0x0000000088800000| Untracked 
| 111|0x0000000088900000, 0x0000000088900000, 0x0000000088a00000|  0%| F|  |TAMS 0x0000000088900000, 0x0000000088900000| Untracked 
| 112|0x0000000088a00000, 0x0000000088a00000, 0x0000000088b00000|  0%| F|  |TAMS 0x0000000088a00000, 0x0000000088a00000| Untracked 
| 113|0x0000000088b00000, 0x0000000088b00000, 0x0000000088c00000|  0%| F|  |TAMS 0x0000000088b00000, 0x0000000088b00000| Untracked 
| 114|0x0000000088c00000, 0x0000000088c00000, 0x0000000088d00000|  0%| F|  |TAMS 0x0000000088c00000, 0x0000000088c00000| Untracked 
| 115|0x0000000088d00000, 0x0000000088d00000, 0x0000000088e00000|  0%| F|  |TAMS 0x0000000088d00000, 0x0000000088d00000| Untracked 
| 116|0x0000000088e00000, 0x0000000088e00000, 0x0000000088f00000|  0%| F|  |TAMS 0x0000000088e00000, 0x0000000088e00000| Untracked 
| 117|0x0000000088f00000, 0x0000000088f00000, 0x0000000089000000|  0%| F|  |TAMS 0x0000000088f00000, 0x0000000088f00000| Untracked 
| 118|0x0000000089000000, 0x0000000089000000, 0x0000000089100000|  0%| F|  |TAMS 0x0000000089000000, 0x0000000089000000| Untracked 
| 119|0x0000000089100000, 0x0000000089100000, 0x0000000089200000|  0%| F|  |TAMS 0x0000000089100000, 0x0000000089100000| Untracked 
| 120|0x0000000089200000, 0x0000000089200000, 0x0000000089300000|  0%| F|  |TAMS 0x0000000089200000, 0x0000000089200000| Untracked 
| 121|0x0000000089300000, 0x0000000089300000, 0x0000000089400000|  0%| F|  |TAMS 0x0000000089300000, 0x0000000089300000| Untracked 
| 122|0x0000000089400000, 0x0000000089400000, 0x0000000089500000|  0%| F|  |TAMS 0x0000000089400000, 0x0000000089400000| Untracked 
| 123|0x0000000089500000, 0x0000000089500000, 0x0000000089600000|  0%| F|  |TAMS 0x0000000089500000, 0x0000000089500000| Untracked 
| 124|0x0000000089600000, 0x0000000089663ee8, 0x0000000089700000| 39%| S|CS|TAMS 0x0000000089600000, 0x0000000089600000| Complete 
| 125|0x0000000089700000, 0x0000000089700000, 0x0000000089800000|  0%| F|  |TAMS 0x0000000089700000, 0x0000000089700000| Untracked 
| 126|0x0000000089800000, 0x0000000089800000, 0x0000000089900000|  0%| F|  |TAMS 0x0000000089800000, 0x0000000089800000| Untracked 
| 127|0x0000000089900000, 0x0000000089900000, 0x0000000089a00000|  0%| F|  |TAMS 0x0000000089900000, 0x0000000089900000| Untracked 

Card table byte_map: [0x0000020eed9e0000,0x0000020eedde0000] _byte_map_base: 0x0000020eed5d3000

Marking Bits (Prev, Next): (CMBitMap*) 0x0000020ed39bc788, (CMBitMap*) 0x0000020ed39bc7c0
 Prev Bits: [0x0000020eee1e0000, 0x0000020ef0178000)
 Next Bits: [0x0000020ef0180000, 0x0000020ef2118000)

Polling page: 0x0000020ed3a60000

Metaspace:

Usage:
  Non-class:     15.72 MB capacity,    15.46 MB ( 98%) used,   212.04 KB (  1%) free+waste,    47.50 KB ( <1%) overhead. 
      Class:      1.95 MB capacity,     1.76 MB ( 90%) used,   175.58 KB (  9%) free+waste,    24.94 KB (  1%) overhead. 
       Both:     17.67 MB capacity,    17.22 MB ( 97%) used,   387.62 KB (  2%) free+waste,    72.44 KB ( <1%) overhead. 

Virtual space:
  Non-class space:       36.00 MB reserved,      15.75 MB ( 44%) committed 
      Class space:        1.00 GB reserved,       2.00 MB ( <1%) committed 
             Both:        1.04 GB reserved,      17.75 MB (  2%) committed 

Chunk freelists:
   Non-Class:  35.00 KB
       Class:  17.00 KB
        Both:  52.00 KB

MaxMetaspaceSize: 17179869184.00 GB
CompressedClassSpaceSize: 1.00 GB

CodeHeap 'non-profiled nmethods': size=120064Kb used=391Kb max_used=391Kb free=119672Kb
 bounds [0x0000020ee5a80000, 0x0000020ee5cf0000, 0x0000020eecfc0000]
CodeHeap 'profiled nmethods': size=120000Kb used=1911Kb max_used=1911Kb free=118089Kb
 bounds [0x0000020ede550000, 0x0000020ede7c0000, 0x0000020ee5a80000]
CodeHeap 'non-nmethods': size=5696Kb used=1201Kb max_used=1218Kb free=4494Kb
 bounds [0x0000020eddfc0000, 0x0000020ede230000, 0x0000020ede550000]
 total_blobs=1754 nmethods=1185 adapters=481
 compilation: enabled
              stopped_count=0, restarted_count=0
 full_count=0

Compilation events (20 events):
Event: 1.636 Thread 0x0000020ef5108000 1176       3       jdk.internal.reflect.ByteVectorImpl::get (26 bytes)
Event: 1.636 Thread 0x0000020ef5108000 nmethod 1176 0x0000020ede72c410 code [0x0000020ede72c5e0, 0x0000020ede72c7a8]
Event: 1.636 Thread 0x0000020ef5108000 1177       1       java.lang.reflect.Constructor::getConstructorAccessor (5 bytes)
Event: 1.636 Thread 0x0000020ef5108000 nmethod 1177 0x0000020ee5ae0f90 code [0x0000020ee5ae1140, 0x0000020ee5ae11f8]
Event: 1.636 Thread 0x0000020ef5108000 1178       1       java.lang.reflect.Constructor::getDeclaringClass (5 bytes)
Event: 1.637 Thread 0x0000020ef5108000 nmethod 1178 0x0000020ee5ae1290 code [0x0000020ee5ae1440, 0x0000020ee5ae14f8]
Event: 1.637 Thread 0x0000020ef5108000 1179       1       java.lang.reflect.Constructor::getRoot (5 bytes)
Event: 1.637 Thread 0x0000020ef5108000 nmethod 1179 0x0000020ee5ae1590 code [0x0000020ee5ae1740, 0x0000020ee5ae17f8]
Event: 1.637 Thread 0x0000020ef5108000 1180       1       jdk.internal.reflect.DelegatingConstructorAccessorImpl::setDelegate (6 bytes)
Event: 1.637 Thread 0x0000020ef5108000 nmethod 1180 0x0000020ee5ae1890 code [0x0000020ee5ae1a40, 0x0000020ee5ae1b38]
Event: 1.637 Thread 0x0000020ef5108000 1181       1       jdk.internal.reflect.NativeConstructorAccessorImpl::setParent (6 bytes)
Event: 1.637 Thread 0x0000020ef5108000 nmethod 1181 0x0000020ee5ae1b90 code [0x0000020ee5ae1d40, 0x0000020ee5ae1e38]
Event: 1.637 Thread 0x0000020ef5108000 1182       3       java.util.Calendar::complete (40 bytes)
Event: 1.637 Thread 0x0000020ef5108000 nmethod 1182 0x0000020ede72c910 code [0x0000020ede72cae0, 0x0000020ede72ce78]
Event: 1.637 Thread 0x0000020ef5108000 1183       3       java.util.Calendar::get (10 bytes)
Event: 1.637 Thread 0x0000020ef5108000 nmethod 1183 0x0000020ede72cf90 code [0x0000020ede72d160, 0x0000020ede72d3a8]
Event: 1.643 Thread 0x0000020ef5108000 1184       3       java.io.InputStream::<init> (5 bytes)
Event: 1.644 Thread 0x0000020ef5108000 nmethod 1184 0x0000020ede72d510 code [0x0000020ede72d6c0, 0x0000020ede72d818]
Event: 1.648 Thread 0x0000020ef5108000 1185       3       java.util.Locale::getDefault (4 bytes)
Event: 1.648 Thread 0x0000020ef5108000 nmethod 1185 0x0000020ede72d910 code [0x0000020ede72dac0, 0x0000020ede72dbb8]

GC Heap History (4 events):
Event: 1.466 GC heap before
{Heap before GC invocations=0 (full 0):
 garbage-first heap   total 131072K, used 20480K [0x0000000081a00000, 0x0000000100000000)
  region size 1024K, 14 young (14336K), 0 survivors (0K)
 Metaspace       used 16948K, capacity 17437K, committed 17664K, reserved 1069056K
  class space    used 1770K, capacity 1995K, committed 2048K, reserved 1048576K
}
Event: 1.476 GC heap after
{Heap after GC invocations=1 (full 0):
 garbage-first heap   total 131072K, used 9765K [0x0000000081a00000, 0x0000000100000000)
  region size 1024K, 2 young (2048K), 2 survivors (2048K)
 Metaspace       used 16948K, capacity 17437K, committed 17664K, reserved 1069056K
  class space    used 1770K, capacity 1995K, committed 2048K, reserved 1048576K
}
Event: 1.648 GC heap before
{Heap before GC invocations=1 (full 0):
 garbage-first heap   total 131072K, used 10789K [0x0000000081a00000, 0x0000000100000000)
  region size 1024K, 5 young (5120K), 2 survivors (2048K)
 Metaspace       used 17631K, capacity 18092K, committed 18176K, reserved 1083392K
  class space    used 1798K, capacity 1999K, committed 2048K, reserved 1048576K
}
Event: 1.653 GC heap after
{Heap after GC invocations=2 (full 0):
 garbage-first heap   total 131072K, used 10430K [0x0000000081a00000, 0x0000000100000000)
  region size 1024K, 1 young (1024K), 1 survivors (1024K)
 Metaspace       used 17631K, capacity 18092K, committed 18176K, reserved 1083392K
  class space    used 1798K, capacity 1999K, committed 2048K, reserved 1048576K
}

Deoptimization events (20 events):
Event: 1.022 Thread 0x0000020ed3977000 DEOPT PACKING pc=0x0000020ede681660 sp=0x000000e0270fea70
Event: 1.022 Thread 0x0000020ed3977000 DEOPT UNPACKING pc=0x0000020eddfe76ce sp=0x000000e0270fdf00 mode 0
Event: 1.023 Thread 0x0000020ed3977000 DEOPT PACKING pc=0x0000020ede681660 sp=0x000000e0270fea70
Event: 1.023 Thread 0x0000020ed3977000 DEOPT UNPACKING pc=0x0000020eddfe76ce sp=0x000000e0270fdf00 mode 0
Event: 1.023 Thread 0x0000020ed3977000 DEOPT PACKING pc=0x0000020ede681660 sp=0x000000e0270fea70
Event: 1.023 Thread 0x0000020ed3977000 DEOPT UNPACKING pc=0x0000020eddfe76ce sp=0x000000e0270fdf00 mode 0
Event: 1.024 Thread 0x0000020ed3977000 DEOPT PACKING pc=0x0000020ede681660 sp=0x000000e0270fea70
Event: 1.024 Thread 0x0000020ed3977000 DEOPT UNPACKING pc=0x0000020eddfe76ce sp=0x000000e0270fdf00 mode 0
Event: 1.296 Thread 0x0000020ef510f800 Uncommon trap: trap_request=0xffffff4d fr.pc=0x0000020ee5a89564 relative=0x0000000000000044
Event: 1.296 Thread 0x0000020ef510f800 Uncommon trap: reason=unstable_if action=reinterpret pc=0x0000020ee5a89564 method=java.lang.CharacterData.of(I)Ljava/lang/CharacterData; @ 4 c2
Event: 1.296 Thread 0x0000020ef510f800 DEOPT PACKING pc=0x0000020ee5a89564 sp=0x000000e0284fde00
Event: 1.296 Thread 0x0000020ef510f800 DEOPT UNPACKING pc=0x0000020eddfe78af sp=0x000000e0284fdd98 mode 2
Event: 1.296 Thread 0x0000020ef510f800 Uncommon trap: trap_request=0xffffff4d fr.pc=0x0000020ee5a892f8 relative=0x0000000000000058
Event: 1.296 Thread 0x0000020ef510f800 Uncommon trap: reason=unstable_if action=reinterpret pc=0x0000020ee5a892f8 method=java.lang.String.isLatin1()Z @ 10 c2
Event: 1.296 Thread 0x0000020ef510f800 DEOPT PACKING pc=0x0000020ee5a892f8 sp=0x000000e0284fd1c0
Event: 1.296 Thread 0x0000020ef510f800 DEOPT UNPACKING pc=0x0000020eddfe78af sp=0x000000e0284fd150 mode 2
Event: 1.485 Thread 0x0000020ef510a000 Uncommon trap: trap_request=0xffffff4d fr.pc=0x0000020ee5adc088 relative=0x0000000000001488
Event: 1.485 Thread 0x0000020ef510a000 Uncommon trap: reason=unstable_if action=reinterpret pc=0x0000020ee5adc088 method=java.lang.ref.ReferenceQueue.poll()Ljava/lang/ref/Reference; @ 4 c2
Event: 1.485 Thread 0x0000020ef510a000 DEOPT PACKING pc=0x0000020ee5adc088 sp=0x000000e0286fe780
Event: 1.485 Thread 0x0000020ef510a000 DEOPT UNPACKING pc=0x0000020eddfe78af sp=0x000000e0286fe618 mode 2

Classes redefined (0 events):
No events

Internal exceptions (20 events):
Event: 1.480 Thread 0x0000020ed3977000 Exception <a 'java/io/IOException'{0x00000000899813d0}> (0x00000000899813d0) thrown at [./src/hotspot/share/prims/jni.cpp, line 615]
Event: 1.490 Thread 0x0000020ed3977000 Exception <a 'java/io/IOException'{0x00000000899a7d20}> (0x00000000899a7d20) thrown at [./src/hotspot/share/prims/jni.cpp, line 615]
Event: 1.490 Thread 0x0000020ed3977000 Exception <a 'java/io/IOException'{0x00000000899a80c8}> (0x00000000899a80c8) thrown at [./src/hotspot/share/prims/jni.cpp, line 615]
Event: 1.491 Thread 0x0000020ed3977000 Exception <a 'java/io/IOException'{0x00000000899ac800}> (0x00000000899ac800) thrown at [./src/hotspot/share/prims/jni.cpp, line 615]
Event: 1.491 Thread 0x0000020ed3977000 Exception <a 'java/io/IOException'{0x00000000899acba8}> (0x00000000899acba8) thrown at [./src/hotspot/share/prims/jni.cpp, line 615]
Event: 1.501 Thread 0x0000020ed3977000 Exception <a 'java/io/IOException'{0x00000000899c8378}> (0x00000000899c8378) thrown at [./src/hotspot/share/prims/jni.cpp, line 615]
Event: 1.501 Thread 0x0000020ed3977000 Exception <a 'java/io/IOException'{0x00000000899c8720}> (0x00000000899c8720) thrown at [./src/hotspot/share/prims/jni.cpp, line 615]
Event: 1.503 Thread 0x0000020ed3977000 Exception <a 'java/io/IOException'{0x00000000899d1f70}> (0x00000000899d1f70) thrown at [./src/hotspot/share/prims/jni.cpp, line 615]
Event: 1.503 Thread 0x0000020ed3977000 Exception <a 'java/io/IOException'{0x00000000899d2318}> (0x00000000899d2318) thrown at [./src/hotspot/share/prims/jni.cpp, line 615]
Event: 1.506 Thread 0x0000020ed3977000 Exception <a 'java/io/IOException'{0x00000000899e57e0}> (0x00000000899e57e0) thrown at [./src/hotspot/share/prims/jni.cpp, line 615]
Event: 1.506 Thread 0x0000020ed3977000 Exception <a 'java/io/IOException'{0x00000000899e5b88}> (0x00000000899e5b88) thrown at [./src/hotspot/share/prims/jni.cpp, line 615]
Event: 1.508 Thread 0x0000020ed3977000 Exception <a 'java/io/IOException'{0x00000000899ef3c0}> (0x00000000899ef3c0) thrown at [./src/hotspot/share/prims/jni.cpp, line 615]
Event: 1.508 Thread 0x0000020ed3977000 Exception <a 'java/io/IOException'{0x00000000899ef768}> (0x00000000899ef768) thrown at [./src/hotspot/share/prims/jni.cpp, line 615]
Event: 1.510 Thread 0x0000020ed3977000 Exception <a 'java/io/IOException'{0x00000000899fbdc8}> (0x00000000899fbdc8) thrown at [./src/hotspot/share/prims/jni.cpp, line 615]
Event: 1.510 Thread 0x0000020ed3977000 Exception <a 'java/io/IOException'{0x00000000899fc170}> (0x00000000899fc170) thrown at [./src/hotspot/share/prims/jni.cpp, line 615]
Event: 1.628 Thread 0x0000020ed3977000 Exception <a 'java/net/UnknownHostException'{0x00000000898168d0}> (0x00000000898168d0) thrown at [./src/hotspot/share/prims/jni.cpp, line 615]
Event: 1.632 Thread 0x0000020ed3977000 Exception <a 'java/io/IOException'{0x000000008981ea58}> (0x000000008981ea58) thrown at [./src/hotspot/share/prims/jni.cpp, line 615]
Event: 1.632 Thread 0x0000020ed3977000 Exception <a 'java/io/IOException'{0x000000008981ee00}> (0x000000008981ee00) thrown at [./src/hotspot/share/prims/jni.cpp, line 615]
Event: 1.637 Thread 0x0000020ed3977000 Exception <a 'java/io/IOException'{0x0000000089849f00}> (0x0000000089849f00) thrown at [./src/hotspot/share/prims/jni.cpp, line 615]
Event: 1.637 Thread 0x0000020ed3977000 Exception <a 'java/io/IOException'{0x000000008984a2a8}> (0x000000008984a2a8) thrown at [./src/hotspot/share/prims/jni.cpp, line 615]

Events (20 events):
Event: 1.630 Thread 0x0000020ef59f7000 Thread exited: 0x0000020ef59f7000
Event: 1.630 loading class java/lang/invoke/VarHandleLongs$FieldInstanceReadWrite
Event: 1.631 loading class java/lang/invoke/VarHandleLongs$FieldInstanceReadOnly
Event: 1.631 loading class java/lang/invoke/VarHandleLongs$FieldInstanceReadOnly done
Event: 1.631 loading class java/lang/invoke/VarHandleLongs$FieldInstanceReadWrite done
Event: 1.631 loading class java/util/concurrent/atomic/Striped64$1
Event: 1.631 loading class java/util/concurrent/atomic/Striped64$1 done
Event: 1.632 loading class com/st/microxplorer/mcufinder/db/DbExamplesSqlite
Event: 1.632 loading class com/st/microxplorer/mcufinder/db/DbExamplesSqlite done
Event: 1.637 loading class com/st/microxplorer/codegenerator/CodeGenerator
Event: 1.637 loading class com/st/microxplorer/codegenerator/CodeGenerator done
Event: 1.642 Executing VM operation: CollectForMetadataAllocation
Event: 1.642 Executing VM operation: CollectForMetadataAllocation done
Event: 1.643 loading class com/st/microxplorer/mcu/IP
Event: 1.643 loading class com/st/microxplorer/mcu/IP done
Event: 1.645 loading class com/st/microxplorer/util/IMXSemaphore
Event: 1.645 loading class com/st/microxplorer/util/IMXSemaphore done
Event: 1.647 loading class com/st/microxplorer/mcu/ThirdPartySw
Event: 1.647 loading class com/st/microxplorer/mcu/ThirdPartySw done
Event: 1.648 Executing VM operation: CollectForMetadataAllocation


Dynamic libraries:
0x00007ff637b30000 - 0x00007ff637b3d000 	C:\Program Files\STMicroelectronics\STM32Cube\STM32CubeMX\jre\bin\javaw.exe
0x00007ffda3010000 - 0x00007ffda3205000 	C:\WINDOWS\SYSTEM32\ntdll.dll
0x00007ffda1860000 - 0x00007ffda191e000 	C:\WINDOWS\System32\KERNEL32.DLL
0x00007ffda0d80000 - 0x00007ffda1048000 	C:\WINDOWS\System32\KERNELBASE.dll
0x00007ffda0980000 - 0x00007ffda0a80000 	C:\WINDOWS\System32\ucrtbase.dll
0x00007ffd8f940000 - 0x00007ffd8f957000 	C:\Program Files\STMicroelectronics\STM32Cube\STM32CubeMX\jre\bin\jli.dll
0x00007ffda2590000 - 0x00007ffda2731000 	C:\WINDOWS\System32\USER32.dll
0x00007ffda0720000 - 0x00007ffda0742000 	C:\WINDOWS\System32\win32u.dll
0x00007ffda2da0000 - 0x00007ffda2dcb000 	C:\WINDOWS\System32\GDI32.dll
0x00007ffda0c70000 - 0x00007ffda0d7d000 	C:\WINDOWS\System32\gdi32full.dll
0x00007ffda0830000 - 0x00007ffda08cd000 	C:\WINDOWS\System32\msvcp_win.dll
0x00007ffd8ebf0000 - 0x00007ffd8ec05000 	C:\Program Files\STMicroelectronics\STM32Cube\STM32CubeMX\jre\bin\VCRUNTIME140.dll
0x00007ffd8b440000 - 0x00007ffd8b6da000 	C:\WINDOWS\WinSxS\amd64_microsoft.windows.common-controls_6595b64144ccf1df_6.0.19041.1110_none_60b5254171f9507e\COMCTL32.dll
0x00007ffda2870000 - 0x00007ffda290e000 	C:\WINDOWS\System32\msvcrt.dll
0x00007ffda2340000 - 0x00007ffda2370000 	C:\WINDOWS\System32\IMM32.DLL
0x00007ffd64c70000 - 0x00007ffd64d0b000 	C:\Program Files\STMicroelectronics\STM32Cube\STM32CubeMX\jre\bin\msvcp140.dll
0x00007ffd3c110000 - 0x00007ffd3cc53000 	C:\Program Files\STMicroelectronics\STM32Cube\STM32CubeMX\jre\bin\server\jvm.dll
0x00007ffda21f0000 - 0x00007ffda229c000 	C:\WINDOWS\System32\ADVAPI32.dll
0x00007ffda22a0000 - 0x00007ffda233b000 	C:\WINDOWS\System32\sechost.dll
0x00007ffda2a70000 - 0x00007ffda2b9a000 	C:\WINDOWS\System32\RPCRT4.dll
0x00007ffda2a60000 - 0x00007ffda2a68000 	C:\WINDOWS\System32\PSAPI.DLL
0x00007ffd8b950000 - 0x00007ffd8b959000 	C:\WINDOWS\SYSTEM32\WSOCK32.dll
0x00007ffda29f0000 - 0x00007ffda2a5b000 	C:\WINDOWS\System32\WS2_32.dll
0x00007ffd8b6f0000 - 0x00007ffd8b717000 	C:\WINDOWS\SYSTEM32\WINMM.dll
0x00007ffd99ac0000 - 0x00007ffd99aca000 	C:\WINDOWS\SYSTEM32\VERSION.dll
0x00007ffd9efa0000 - 0x00007ffd9efb2000 	C:\WINDOWS\SYSTEM32\kernel.appcore.dll
0x00007ffd9a1b0000 - 0x00007ffd9a1c0000 	C:\Program Files\STMicroelectronics\STM32Cube\STM32CubeMX\jre\bin\verify.dll
0x00007ffd9e3d0000 - 0x00007ffd9e5b4000 	C:\WINDOWS\SYSTEM32\DBGHELP.DLL
0x00007ffd8b720000 - 0x00007ffd8b74c000 	C:\WINDOWS\SYSTEM32\dbgcore.DLL
0x00007ffda0750000 - 0x00007ffda07d2000 	C:\WINDOWS\System32\bcryptPrimitives.dll
0x00007ffd7ad00000 - 0x00007ffd7ad28000 	C:\Program Files\STMicroelectronics\STM32Cube\STM32CubeMX\jre\bin\java.dll
0x00007ffd960f0000 - 0x00007ffd960fa000 	C:\Program Files\STMicroelectronics\STM32Cube\STM32CubeMX\jre\bin\jimage.dll
0x00007ffd8b7f0000 - 0x00007ffd8b807000 	C:\Program Files\STMicroelectronics\STM32Cube\STM32CubeMX\jre\bin\zip.dll
0x00007ffda1050000 - 0x00007ffda1794000 	C:\WINDOWS\System32\SHELL32.dll
0x00007ffd9e730000 - 0x00007ffd9eec4000 	C:\WINDOWS\SYSTEM32\windows.storage.dll
0x00007ffda1e00000 - 0x00007ffda2155000 	C:\WINDOWS\System32\combase.dll
0x00007ffda0170000 - 0x00007ffda019e000 	C:\WINDOWS\SYSTEM32\Wldp.dll
0x00007ffda2e50000 - 0x00007ffda2efd000 	C:\WINDOWS\System32\SHCORE.dll
0x00007ffda1da0000 - 0x00007ffda1df5000 	C:\WINDOWS\System32\shlwapi.dll
0x00007ffda0660000 - 0x00007ffda067f000 	C:\WINDOWS\SYSTEM32\profapi.dll
0x00007ffd7b040000 - 0x00007ffd7b059000 	C:\Program Files\STMicroelectronics\STM32Cube\STM32CubeMX\jre\bin\net.dll
0x00007ffd905e0000 - 0x00007ffd906ec000 	C:\WINDOWS\SYSTEM32\WINHTTP.dll
0x00007ffd9fed0000 - 0x00007ffd9ff3a000 	C:\WINDOWS\system32\mswsock.dll
0x00007ffd7ace0000 - 0x00007ffd7acf2000 	C:\Program Files\STMicroelectronics\STM32Cube\STM32CubeMX\jre\bin\nio.dll
0x00007ffd56ec0000 - 0x00007ffd57059000 	C:\Program Files\STMicroelectronics\STM32Cube\STM32CubeMX\jre\bin\awt.dll
0x00007ffda2f00000 - 0x00007ffda2fcd000 	C:\WINDOWS\System32\OLEAUT32.dll
0x00007ffd9db50000 - 0x00007ffd9dbe0000 	C:\WINDOWS\SYSTEM32\apphelp.dll
0x00007ffda00d0000 - 0x00007ffda00e8000 	C:\WINDOWS\SYSTEM32\CRYPTSP.dll
0x00007ffd9f7e0000 - 0x00007ffd9f814000 	C:\WINDOWS\system32\rsaenh.dll
0x00007ffda0ae0000 - 0x00007ffda0b07000 	C:\WINDOWS\System32\bcrypt.dll
0x00007ffda0620000 - 0x00007ffda064e000 	C:\WINDOWS\SYSTEM32\USERENV.dll
0x00007ffda00c0000 - 0x00007ffda00cc000 	C:\WINDOWS\SYSTEM32\CRYPTBASE.dll
0x00007ffd9fb70000 - 0x00007ffd9fbab000 	C:\WINDOWS\SYSTEM32\IPHLPAPI.DLL
0x00007ffda1850000 - 0x00007ffda1858000 	C:\WINDOWS\System32\NSI.dll
0x00007ffd985b0000 - 0x00007ffd985c7000 	C:\WINDOWS\SYSTEM32\dhcpcsvc6.DLL
0x00007ffd98d20000 - 0x00007ffd98d3d000 	C:\WINDOWS\SYSTEM32\dhcpcsvc.DLL
0x00007ffd9fbc0000 - 0x00007ffd9fc8b000 	C:\WINDOWS\SYSTEM32\DNSAPI.dll
0x00007ffd9dc90000 - 0x00007ffd9dd2e000 	C:\WINDOWS\system32\uxtheme.dll
0x00007ffda2c80000 - 0x00007ffda2d95000 	C:\WINDOWS\System32\MSCTF.dll
0x00007ffda2740000 - 0x00007ffda286a000 	C:\WINDOWS\System32\ole32.dll
0x00007ffd9e030000 - 0x00007ffd9e05f000 	C:\WINDOWS\system32\DWMAPI.DLL
0x00007ffd817c0000 - 0x00007ffd818e5000 	C:\WINDOWS\system32\opengl32.dll
0x00007ffd8fb30000 - 0x00007ffd8fb5c000 	C:\WINDOWS\SYSTEM32\GLU32.dll
0x00007ffd575f0000 - 0x00007ffd57675000 	C:\Program Files\STMicroelectronics\STM32Cube\STM32CubeMX\jre\bin\freetype.dll
0x00007ffd7ac90000 - 0x00007ffd7aca2000 	C:\Program Files\STMicroelectronics\STM32Cube\STM32CubeMX\jre\bin\fontmanager.dll
0x00007ffd57530000 - 0x00007ffd575ec000 	C:\Program Files\STMicroelectronics\STM32Cube\STM32CubeMX\jre\bin\harfbuzz.dll
0x00007ffd7b130000 - 0x00007ffd7b426000 	C:\WINDOWS\SYSTEM32\uiautomationcore.dll
0x00007ffd9b680000 - 0x00007ffd9b776000 	C:\WINDOWS\SYSTEM32\PROPSYS.dll
0x00007ffd9b340000 - 0x00007ffd9b3a6000 	C:\WINDOWS\SYSTEM32\OLEACC.dll
0x00007ffda17a0000 - 0x00007ffda1849000 	C:\WINDOWS\System32\clbcatq.dll
0x00007ffd97b10000 - 0x00007ffd97b1a000 	C:\Windows\System32\rasadhlp.dll

dbghelp: loaded successfully - version: 4.0.5 - missing functions: none
symbol engine: initialized successfully - sym options: 0x614 - pdb path: .;C:\Program Files\STMicroelectronics\STM32Cube\STM32CubeMX\jre\bin;C:\WINDOWS\SYSTEM32;C:\WINDOWS\WinSxS\amd64_microsoft.windows.common-controls_6595b64144ccf1df_6.0.19041.1110_none_60b5254171f9507e;C:\Program Files\STMicroelectronics\STM32Cube\STM32CubeMX\jre\bin\server

VM Arguments:
java_command: com.st.microxplorer.maingui.STM32CubeMX C:\Users\ADG\Documents\ADG_CUBE_MX_PROJECTS\ADG_QTR-8RC\ADG_QTR-8RC.ioc
java_class_path (initial): C:\Program Files\STMicroelectronics\STM32Cube\STM32CubeMX\STM32CubeMX.exe;anything
Launcher Type: SUN_STANDARD

[Global flags]
     intx CICompilerCount                          = 3                                         {product} {ergonomic}
     uint ConcGCThreads                            = 1                                         {product} {ergonomic}
     uint G1ConcRefinementThreads                  = 4                                         {product} {ergonomic}
   size_t G1HeapRegionSize                         = 1048576                                   {product} {ergonomic}
    uintx GCDrainStackTargetSize                   = 64                                        {product} {ergonomic}
   size_t InitialHeapSize                          = 134217728                                 {product} {ergonomic}
   size_t MarkStackSize                            = 4194304                                   {product} {ergonomic}
   size_t MaxHeapSize                              = 2120220672                                {product} {ergonomic}
   size_t MaxNewSize                               = 1271922688                                {product} {ergonomic}
   size_t MinHeapDeltaBytes                        = 1048576                                   {product} {ergonomic}
    uintx NonNMethodCodeHeapSize                   = 5830732                                {pd product} {ergonomic}
    uintx NonProfiledCodeHeapSize                  = 122913754                              {pd product} {ergonomic}
    uintx ProfiledCodeHeapSize                     = 122913754                              {pd product} {ergonomic}
    uintx ReservedCodeCacheSize                    = 251658240                              {pd product} {ergonomic}
     bool SegmentedCodeCache                       = true                                      {product} {ergonomic}
     bool UseCompressedClassPointers               = true                                 {lp64_product} {ergonomic}
     bool UseCompressedOops                        = true                                 {lp64_product} {ergonomic}
     bool UseG1GC                                  = true                                      {product} {ergonomic}
     bool UseLargePagesIndividualAllocation        = false                                  {pd product} {ergonomic}

Logging:
Log output configuration:
 #0: stdout all=warning uptime,level,tags
 #1: stderr all=off uptime,level,tags

Environment Variables:
PATH=C:\Program Files (x86)\Common Files\Oracle\Java\javapath;C:\Program Files (x86)\Intel\iCLS Client\;C:\Program Files\Intel\iCLS Client\;C:\Windows\system32;C:\Windows;C:\Windows\System32\Wbem;C:\Windows\System32\WindowsPowerShell\v1.0\;C:\Windows\System32\OpenSSH\;C:\Program Files\Intel\Intel(R) Management Engine Components\DAL;C:\Program Files\Intel\Intel(R) Management Engine Components\IPT;C:\Program Files (x86)\Intel\Intel(R) Management Engine Components\DAL;C:\Program Files (x86)\Intel\Intel(R) Management Engine Components\IPT;C:\Program Files\Intel\WiFi\bin\;C:\Program Files\Common Files\Intel\WirelessCommon\;C:\Program Files\MATLAB\R2019b\bin;C:\Program Files\NVIDIA Corporation\NVIDIA NvDLISR;C:\Program Files (x86)\NVIDIA Corporation\PhysX\Common;C:\WINDOWS\system32;C:\WINDOWS;C:\WINDOWS\System32\Wbem;C:\WINDOWS\System32\WindowsPowerShell\v1.0\;C:\WINDOWS\System32\OpenSSH\;C:\Program Files\PuTTY\;C:\Python\Scripts\;C:\Python\;C:\Users\ADG\AppData\Local\Microsoft\WindowsApps;C:\Program Files\Intel\WiFi\bin\;C:\Program Files\Common Files\Intel\WirelessCommon\;;C:\Microsoft VS Code\bin;C:\Program Files\STMicroelectronics\STM32Cube\STM32CubeMX\.\jre\\bin
USERNAME=ADG
OS=Windows_NT
PROCESSOR_IDENTIFIER=Intel64 Family 6 Model 69 Stepping 1, GenuineIntel



---------------  S Y S T E M  ---------------

OS: Windows 10 , 64 bit Build 19041 (10.0.19041.1348)
OS uptime: 12 days 12:13 hours

CPU:total 4 (initial active 4) (2 cores per cpu, 2 threads per core) family 6 model 69 stepping 1 microcode 0x25, cmov, cx8, fxsr, mmx, sse, sse2, sse3, ssse3, sse4.1, sse4.2, popcnt, avx, avx2, aes, clmul, erms, lzcnt, ht, tsc, tscinvbit, bmi1, bmi2, fma

Memory: 4k page, system-wide physical 8084M (1233M free)
TotalPageFile size 12637M (AvailPageFile size 4M)
current process WorkingSet (physical memory assigned to process): 90M, peak: 90M
current process commit charge ("private bytes"): 223M, peak: 224M

vm_info: OpenJDK 64-Bit Server VM (11.0.10+9) for windows-amd64 JRE (11.0.10+9), built on Jan 20 2021 06:07:07 by "" with MS VC++ 15.9 (VS2017)

END.
