#
# A fatal error has been detected by the Java Runtime Environment:
#
#  EXCEPTION_ACCESS_VIOLATION (0xc0000005) at pc=0x00007ffd3b2bd5f3, pid=17148, tid=14484
#
# JRE version:  (11.0.10+9) (build )
# Java VM: OpenJDK 64-Bit Server VM (11.0.10+9, mixed mode, tiered, compressed oops, g1 gc, windows-amd64)
# Problematic frame:
# V  [jvm.dll+0x36d5f3]
#
# No core dump will be written. Minidumps are not enabled by default on client versions of Windows
#
#

---------------  S U M M A R Y ------------

Command Line: com.st.microxplorer.maingui.STM32CubeMX C:\Users\ADG\Documents\ADG_CUBE_MX_PROJECTS\ADG_QTR-8RC\ADG_QTR-8RC.ioc

Host: Intel(R) Core(TM) i7-4510U CPU @ 2.00GHz, 4 cores, 7G,  Windows 10 , 64 bit Build 19041 (10.0.19041.1348)
Time: Sun Jan  9 23:18:25 2022 Türkiye Standart Saati elapsed time: 0.047204 seconds (0d 0h 0m 0s)

---------------  T H R E A D  ---------------

Current thread (0x000001962d986800):  JavaThread "Finalizer" daemon [_thread_in_vm, id=14484, stack(0x0000000950700000,0x0000000950800000)]

Stack: [0x0000000950700000,0x0000000950800000],  sp=0x00000009507ff120,  free space=1020k
Native frames: (J=compiled Java code, j=interpreted, Vv=VM code, C=native code)
V  [jvm.dll+0x36d5f3]
V  [jvm.dll+0x5f3512]
V  [jvm.dll+0x36e0ea]
V  [jvm.dll+0x36e377]
V  [jvm.dll+0x3dc5e1]
V  [jvm.dll+0x740b39]
V  [jvm.dll+0x739ba4]
