#
# There is insufficient memory for the Java Runtime Environment to continue.
# Native memory allocation (mmap) failed to map 134217728 bytes for Failed to commit area from 0x0000000081a00000 to 0x0000000089a00000 of length 134217728.
# Possible reasons:
#   The system is out of physical RAM or swap space
#   The process is running with CompressedOops enabled, and the Java Heap may be blocking the growth of the native heap
# Possible solutions:
#   Reduce memory load on the system
#   Increase physical memory or swap space
#   Check if swap backing store is full
#   Decrease Java heap size (-Xmx/-Xms)
#   Decrease number of Java threads
#   Decrease Java thread stack sizes (-Xss)
#   Set larger code cache with -XX:ReservedCodeCacheSize=
# This output file may be truncated or incomplete.
#
#  Out of Memory Error (./src/hotspot/os/windows/os_windows.cpp:3301), pid=10580, tid=10728
#
# JRE version:  (11.0.10+9) (build )
# Java VM: OpenJDK 64-Bit Server VM (11.0.10+9, mixed mode, sharing, tiered, compressed oops, g1 gc, windows-amd64)
# No core dump will be written. Minidumps are not enabled by default on client versions of Windows
#

---------------  S U M M A R Y ------------

Command Line: com.st.microxplorer.maingui.STM32CubeMX C:\Users\ADG\Documents\ADG_CUBE_MX_PROJECTS\ADG_QTR-8RC\ADG_QTR-8RC.ioc

Host: Intel(R) Core(TM) i7-4510U CPU @ 2.00GHz, 4 cores, 7G,  Windows 10 , 64 bit Build 19041 (10.0.19041.1348)
Time: Sun Jan  9 23:28:59 2022 Türkiye Standart Saati elapsed time: 0.028336 seconds (0d 0h 0m 0s)

---------------  T H R E A D  ---------------

Current thread (0x00000199aab27000):  JavaThread "Unknown thread" [_thread_in_vm, id=10728, stack(0x00000059f6400000,0x00000059f6500000)]

Stack: [0x00000059f6400000,0x00000059f6500000]
Native frames: (J=compiled Java code, j=interpreted, Vv=VM code, C=native code)
V  [jvm.dll+0x5f35ea]
V  [jvm.dll+0x77c65e]
V  [jvm.dll+0x77dd2f]
V  [jvm.dll+0x77e3f3]
V  [jvm.dll+0x246c38]
V  [jvm.dll+0x5f079a]
V  [jvm.dll+0x5e53c5]
V  [jvm.dll+0x2fba4c]
V  [jvm.dll+0x2fb8d2]
V  [jvm.dll+0x300586]
V  [jvm.dll+0x344cff]
V  [jvm.dll+0x344730]
V  [jvm.dll+0x2d8cb8]
V  [jvm.dll+0x2d9e06]
V  [jvm.dll+0x757c77]
V  [jvm.dll+0x7593ff]
V  [jvm.dll+0x351a59]
V  [jvm.dll+0x73aea0]
V  [jvm.dll+0x3b929f]
V  [jvm.dll+0x3bb7a1]
C  [jli.dll+0x520b]
C  [ucrtbase.dll+0x21bb2]
C  [KERNEL32.DLL+0x17034]
C  [ntdll.dll+0x52651]


---------------  P R O C E S S  ---------------

Threads class SMR info:
_java_thread_list=0x00000199a91bffe0, length=0, elements={
}

Java Threads: ( => current thread )

Other Threads:
  0x00000199aab3f800 GCTaskThread "GC Thread#0" [stack: 0x00000059f6500000,0x00000059f6600000] [id=1820]
  0x00000199aab72800 ConcurrentGCThread "G1 Main Marker" [stack: 0x00000059f6600000,0x00000059f6700000] [id=9904]
  0x00000199aab75000 ConcurrentGCThread "G1 Conc#0" [stack: 0x00000059f6700000,0x00000059f6800000] [id=6480]

[error occurred during error reporting (printing all threads), id 0xc0000005, EXCEPTION_ACCESS_VIOLATION (0xc0000005) at pc=0x00007ffd3c3f8337]

VM state:not at safepoint (not fully initialized)

VM Mutex/Monitor currently owned by a thread:  ([mutex/lock_event])
[0x00000199aab24930] Heap_lock - owner thread: 0x00000199aab27000

Heap address: 0x0000000081a00000, size: 2022 MB, Compressed Oops mode: Non-zero based: 0x0000000081a00000
Narrow klass base: 0x0000000000000000, Narrow klass shift: 0

GC Heap History (0 events):
No events

Deoptimization events (0 events):
No events

Classes redefined (0 events):
No events

Internal exceptions (0 events):
No events

Events (1 events):
Event: 0.012 Loaded shared library C:\Program Files\STMicroelectronics\STM32Cube\STM32CubeMX\jre\bin\zip.dll


Dynamic libraries:
0x00007ff637b30000 - 0x00007ff637b3d000 	C:\Program Files\STMicroelectronics\STM32Cube\STM32CubeMX\jre\bin\javaw.exe
0x00007ffda3010000 - 0x00007ffda3205000 	C:\WINDOWS\SYSTEM32\ntdll.dll
0x00007ffda1860000 - 0x00007ffda191e000 	C:\WINDOWS\System32\KERNEL32.DLL
0x00007ffda0d80000 - 0x00007ffda1048000 	C:\WINDOWS\System32\KERNELBASE.dll
0x00007ffda0980000 - 0x00007ffda0a80000 	C:\WINDOWS\System32\ucrtbase.dll
0x00007ffd8ebf0000 - 0x00007ffd8ec07000 	C:\Program Files\STMicroelectronics\STM32Cube\STM32CubeMX\jre\bin\jli.dll
0x00007ffda2590000 - 0x00007ffda2731000 	C:\WINDOWS\System32\USER32.dll
0x00007ffda0720000 - 0x00007ffda0742000 	C:\WINDOWS\System32\win32u.dll
0x00007ffda2da0000 - 0x00007ffda2dcb000 	C:\WINDOWS\System32\GDI32.dll
0x00007ffda0c70000 - 0x00007ffda0d7d000 	C:\WINDOWS\System32\gdi32full.dll
0x00007ffda0830000 - 0x00007ffda08cd000 	C:\WINDOWS\System32\msvcp_win.dll
0x00007ffd8f940000 - 0x00007ffd8f955000 	C:\Program Files\STMicroelectronics\STM32Cube\STM32CubeMX\jre\bin\VCRUNTIME140.dll
0x00007ffd8b440000 - 0x00007ffd8b6da000 	C:\WINDOWS\WinSxS\amd64_microsoft.windows.common-controls_6595b64144ccf1df_6.0.19041.1110_none_60b5254171f9507e\COMCTL32.dll
0x00007ffda2870000 - 0x00007ffda290e000 	C:\WINDOWS\System32\msvcrt.dll
0x00007ffda2340000 - 0x00007ffda2370000 	C:\WINDOWS\System32\IMM32.DLL
0x00007ffd64c70000 - 0x00007ffd64d0b000 	C:\Program Files\STMicroelectronics\STM32Cube\STM32CubeMX\jre\bin\msvcp140.dll
0x00007ffd3c110000 - 0x00007ffd3cc53000 	C:\Program Files\STMicroelectronics\STM32Cube\STM32CubeMX\jre\bin\server\jvm.dll
0x00007ffda21f0000 - 0x00007ffda229c000 	C:\WINDOWS\System32\ADVAPI32.dll
0x00007ffda22a0000 - 0x00007ffda233b000 	C:\WINDOWS\System32\sechost.dll
0x00007ffda2a70000 - 0x00007ffda2b9a000 	C:\WINDOWS\System32\RPCRT4.dll
0x00007ffda2a60000 - 0x00007ffda2a68000 	C:\WINDOWS\System32\PSAPI.DLL
0x00007ffd8b950000 - 0x00007ffd8b959000 	C:\WINDOWS\SYSTEM32\WSOCK32.dll
0x00007ffda29f0000 - 0x00007ffda2a5b000 	C:\WINDOWS\System32\WS2_32.dll
0x00007ffd8b6f0000 - 0x00007ffd8b717000 	C:\WINDOWS\SYSTEM32\WINMM.dll
0x00007ffd99ac0000 - 0x00007ffd99aca000 	C:\WINDOWS\SYSTEM32\VERSION.dll
0x00007ffd9efa0000 - 0x00007ffd9efb2000 	C:\WINDOWS\SYSTEM32\kernel.appcore.dll
0x00007ffd9a1b0000 - 0x00007ffd9a1c0000 	C:\Program Files\STMicroelectronics\STM32Cube\STM32CubeMX\jre\bin\verify.dll
0x00007ffd9e3d0000 - 0x00007ffd9e5b4000 	C:\WINDOWS\SYSTEM32\DBGHELP.DLL
0x00007ffd8b720000 - 0x00007ffd8b74c000 	C:\WINDOWS\SYSTEM32\dbgcore.DLL
0x00007ffda0750000 - 0x00007ffda07d2000 	C:\WINDOWS\System32\bcryptPrimitives.dll
0x00007ffd7ad80000 - 0x00007ffd7ada8000 	C:\Program Files\STMicroelectronics\STM32Cube\STM32CubeMX\jre\bin\java.dll
0x00007ffd960f0000 - 0x00007ffd960fa000 	C:\Program Files\STMicroelectronics\STM32Cube\STM32CubeMX\jre\bin\jimage.dll
0x00007ffd8b7f0000 - 0x00007ffd8b807000 	C:\Program Files\STMicroelectronics\STM32Cube\STM32CubeMX\jre\bin\zip.dll

dbghelp: loaded successfully - version: 4.0.5 - missing functions: none
symbol engine: initialized successfully - sym options: 0x614 - pdb path: .;C:\Program Files\STMicroelectronics\STM32Cube\STM32CubeMX\jre\bin;C:\WINDOWS\SYSTEM32;C:\WINDOWS\WinSxS\amd64_microsoft.windows.common-controls_6595b64144ccf1df_6.0.19041.1110_none_60b5254171f9507e;C:\Program Files\STMicroelectronics\STM32Cube\STM32CubeMX\jre\bin\server

VM Arguments:
java_command: com.st.microxplorer.maingui.STM32CubeMX C:\Users\ADG\Documents\ADG_CUBE_MX_PROJECTS\ADG_QTR-8RC\ADG_QTR-8RC.ioc
java_class_path (initial): C:\Program Files\STMicroelectronics\STM32Cube\STM32CubeMX\STM32CubeMX.exe;anything
Launcher Type: SUN_STANDARD

[Global flags]
     intx CICompilerCount                          = 3                                         {product} {ergonomic}
     uint ConcGCThreads                            = 1                                         {product} {ergonomic}
     uint G1ConcRefinementThreads                  = 4                                         {product} {ergonomic}
   size_t G1HeapRegionSize                         = 1048576                                   {product} {ergonomic}
    uintx GCDrainStackTargetSize                   = 64                                        {product} {ergonomic}
   size_t InitialHeapSize                          = 134217728                                 {product} {ergonomic}
   size_t MarkStackSize                            = 4194304                                   {product} {ergonomic}
   size_t MaxHeapSize                              = 2120220672                                {product} {ergonomic}
   size_t MinHeapDeltaBytes                        = 1048576                                   {product} {ergonomic}
    uintx NonNMethodCodeHeapSize                   = 5830732                                {pd product} {ergonomic}
    uintx NonProfiledCodeHeapSize                  = 122913754                              {pd product} {ergonomic}
    uintx ProfiledCodeHeapSize                     = 122913754                              {pd product} {ergonomic}
    uintx ReservedCodeCacheSize                    = 251658240                              {pd product} {ergonomic}
     bool SegmentedCodeCache                       = true                                      {product} {ergonomic}
     bool UseCompressedClassPointers               = true                                 {lp64_product} {ergonomic}
     bool UseCompressedOops                        = true                                 {lp64_product} {ergonomic}
     bool UseG1GC                                  = true                                      {product} {ergonomic}
     bool UseLargePagesIndividualAllocation        = false                                  {pd product} {ergonomic}

Logging:
Log output configuration:
 #0: stdout all=warning uptime,level,tags
 #1: stderr all=off uptime,level,tags

Environment Variables:
PATH=C:\Program Files (x86)\Common Files\Oracle\Java\javapath;C:\Program Files (x86)\Intel\iCLS Client\;C:\Program Files\Intel\iCLS Client\;C:\Windows\system32;C:\Windows;C:\Windows\System32\Wbem;C:\Windows\System32\WindowsPowerShell\v1.0\;C:\Windows\System32\OpenSSH\;C:\Program Files\Intel\Intel(R) Management Engine Components\DAL;C:\Program Files\Intel\Intel(R) Management Engine Components\IPT;C:\Program Files (x86)\Intel\Intel(R) Management Engine Components\DAL;C:\Program Files (x86)\Intel\Intel(R) Management Engine Components\IPT;C:\Program Files\Intel\WiFi\bin\;C:\Program Files\Common Files\Intel\WirelessCommon\;C:\Program Files\MATLAB\R2019b\bin;C:\Program Files\NVIDIA Corporation\NVIDIA NvDLISR;C:\Program Files (x86)\NVIDIA Corporation\PhysX\Common;C:\WINDOWS\system32;C:\WINDOWS;C:\WINDOWS\System32\Wbem;C:\WINDOWS\System32\WindowsPowerShell\v1.0\;C:\WINDOWS\System32\OpenSSH\;C:\Program Files\PuTTY\;C:\Python\Scripts\;C:\Python\;C:\Users\ADG\AppData\Local\Microsoft\WindowsApps;C:\Program Files\Intel\WiFi\bin\;C:\Program Files\Common Files\Intel\WirelessCommon\;;C:\Microsoft VS Code\bin;C:\Program Files\STMicroelectronics\STM32Cube\STM32CubeMX\.\jre\\bin
USERNAME=ADG
OS=Windows_NT
PROCESSOR_IDENTIFIER=Intel64 Family 6 Model 69 Stepping 1, GenuineIntel



---------------  S Y S T E M  ---------------

OS: Windows 10 , 64 bit Build 19041 (10.0.19041.1348)
OS uptime: 12 days 12:14 hours

CPU:total 4 (initial active 4) (2 cores per cpu, 2 threads per core) family 6 model 69 stepping 1 microcode 0x25, cmov, cx8, fxsr, mmx, sse, sse2, sse3, ssse3, sse4.1, sse4.2, popcnt, avx, avx2, aes, clmul, erms, lzcnt, ht, tsc, tscinvbit, bmi1, bmi2, fma

Memory: 4k page, system-wide physical 8084M (1358M free)
TotalPageFile size 12637M (AvailPageFile size 70M)
current process WorkingSet (physical memory assigned to process): 9M, peak: 9M
current process commit charge ("private bytes"): 51M, peak: 179M

vm_info: OpenJDK 64-Bit Server VM (11.0.10+9) for windows-amd64 JRE (11.0.10+9), built on Jan 20 2021 06:07:07 by "" with MS VC++ 15.9 (VS2017)

END.
